Time resolution is 1 ps
========================================
AES Key Expansion Testbench
========================================
Verifying all 11 round keys against NIST FIPS 197 Appendix A.1

Round Key  0:
  Expected: 000102030405060708090a0b0c0d0e0f
  Got:      000102030405060708090a0b0c0d0e0f
  PASS

Round Key  1:
  Expected: d6aa74fdd2af72fadaa678f1d6ab76fe
  Got:      d6aa74fdd2af72fadaa678f1d6ab76fe
  PASS

Round Key  2:
  Expected: b692cf0b643dbdf1be9bc5006830b3fe
  Got:      b692cf0b643dbdf1be9bc5006830b3fe
  PASS

Round Key  3:
  Expected: b6ff744ed2c2c9bf6c590cbf0469bf41
  Got:      b6ff744ed2c2c9bf6c590cbf0469bf41
  PASS

Round Key  4:
  Expected: 47f7f7bc95353e03f96c32bcfd058dfd
  Got:      47f7f7bc95353e03f96c32bcfd058dfd
  PASS

Round Key  5:
  Expected: 3caaa3e8a99f9deb50f3af57adf622aa
  Got:      3caaa3e8a99f9deb50f3af57adf622aa
  PASS

Round Key  6:
  Expected: 5e390f7df7a69296a7553dc10aa31f6b
  Got:      5e390f7df7a69296a7553dc10aa31f6b
  PASS

Round Key  7:
  Expected: 14f9701ae35fe28c440adf4d4ea9c026
  Got:      14f9701ae35fe28c440adf4d4ea9c026
  PASS

Round Key  8:
  Expected: 47438735a41c65b9e016baf4aebf7ad2
  Got:      47438735a41c65b9e016baf4aebf7ad2
  PASS

Round Key  9:
  Expected: 549932d1f08557681093ed9cbe2c974e
  Got:      549932d1f08557681093ed9cbe2c974e
  PASS

Round Key 10:
  Expected: 13111d7fe3944a17f307a78b4d2b30c5
  Got:      13111d7fe3944a17f307a78b4d2b30c5
  PASS

========================================
Test 2: All Zeros Cipher Key
========================================
Round Key  0:
  Expected: 00000000000000000000000000000000
  Got:      00000000000000000000000000000000
  PASS

Round Key  1:
  Expected: 62636363626363636263636362636363
  Got:      62636363626363636263636362636363
  PASS

========================================
Test 3: All Ones Cipher Key
========================================
Round Key  0:
  Expected: ffffffffffffffffffffffffffffffff
  Got:      ffffffffffffffffffffffffffffffff
  PASS

Round Key  1:
  Expected: he8e9e9e917161616e8e9e9e917161616
  Got:      e8e9e9e917161616e8e9e9e917161616
  PASS

========================================
ALL TESTS PASSED
Key Expansion module is verified and ready
All 11 NIST round keys are correct!
========================================
$finish called at time : 30 ns : File "/home/sudar/Downloads/Project/AEGIS/sim/tb_aes_key_expansion.v" Line 282
